TN:
SF:src/modules/appointments/services/CreateAppointmentService.ts
FN:14,(anonymous_18)
FN:15,CreateAppointmentService
FN:20,(anonymous_20)
FNF:3
FNH:3
FNDA:1,(anonymous_18)
FNDA:2,CreateAppointmentService
FNDA:3,(anonymous_20)
DA:1,1
DA:2,1
DA:4,1
DA:14,1
DA:17,2
DA:20,3
DA:22,3
DA:24,3
DA:28,3
DA:29,1
DA:32,2
DA:37,2
DA:39,1
DA:41,1
LF:14
LH:14
BRDA:28,0,0,1
BRDA:28,0,1,2
BRF:2
BRH:2
end_of_record
TN:
SF:src/modules/users/services/AuthenticateUserService.ts
FN:24,(anonymous_18)
FN:25,AuthenticateUserService
FN:36,(anonymous_20)
FNF:3
FNH:3
FNDA:1,(anonymous_18)
FNDA:3,AuthenticateUserService
FNDA:3,(anonymous_20)
DA:2,1
DA:3,1
DA:4,1
DA:8,1
DA:24,1
DA:27,3
DA:30,3
DA:36,3
DA:37,3
DA:39,3
DA:40,1
DA:43,2
DA:45,2
DA:46,1
DA:49,1
DA:51,1
DA:56,1
DA:58,1
DA:60,1
LF:19
LH:19
BRDA:37,0,0,3
BRDA:39,1,0,1
BRDA:39,1,1,2
BRDA:45,2,0,1
BRDA:45,2,1,1
BRF:5
BRH:5
end_of_record
TN:
SF:src/modules/users/services/CreateUserService.ts
FN:17,(anonymous_18)
FN:18,CreateUserService
FN:28,(anonymous_20)
FNF:3
FNH:3
FNDA:2,(anonymous_18)
FNDA:4,CreateUserService
FNDA:5,(anonymous_20)
DA:1,2
DA:3,2
DA:17,2
DA:20,4
DA:23,4
DA:28,5
DA:30,5
DA:32,5
DA:33,1
DA:36,4
DA:38,4
DA:44,4
DA:46,2
DA:48,2
LF:14
LH:14
BRDA:30,0,0,5
BRDA:32,1,0,1
BRDA:32,1,1,4
BRF:3
BRH:3
end_of_record
TN:
SF:src/modules/users/services/ResetPasswordService.ts
FN:14,(anonymous_18)
FN:15,SendForgotPasswordEmailService
FN:25,(anonymous_20)
FNF:3
FNH:3
FNDA:1,(anonymous_18)
FNDA:1,SendForgotPasswordEmailService
FNDA:1,(anonymous_20)
DA:1,1
DA:5,1
DA:14,1
DA:17,1
DA:20,1
DA:25,1
DA:26,1
DA:28,1
DA:29,0
DA:32,1
DA:34,1
DA:35,0
DA:38,1
DA:39,2
DA:48,1
DA:50,1
LF:16
LH:14
BRDA:26,0,0,1
BRDA:28,1,0,0
BRDA:28,1,1,1
BRDA:34,2,0,0
BRDA:34,2,1,1
BRF:5
BRH:3
end_of_record
TN:
SF:src/modules/users/services/SendForgotPasswordEmailService.ts
FN:14,(anonymous_18)
FN:15,SendForgotPasswordEmailService
FN:29,(anonymous_20)
FNF:3
FNH:3
FNDA:1,(anonymous_18)
FNDA:3,SendForgotPasswordEmailService
FNDA:3,(anonymous_20)
DA:1,1
DA:5,1
DA:14,1
DA:17,3
DA:20,3
DA:23,3
DA:29,3
DA:30,3
DA:32,3
DA:33,1
DA:36,4
DA:38,2
DA:41,1
DA:43,1
LF:14
LH:14
BRDA:30,0,0,3
BRDA:32,1,0,1
BRDA:32,1,1,2
BRF:3
BRH:3
end_of_record
TN:
SF:src/modules/users/services/UpdateUserAvatarService.ts
FN:17,(anonymous_18)
FN:18,UpdateUserAvatarService
FN:30,(anonymous_20)
FNF:3
FNH:3
FNDA:1,(anonymous_18)
FNDA:3,UpdateUserAvatarService
FNDA:4,(anonymous_20)
DA:1,1
DA:6,1
DA:17,1
DA:20,3
DA:23,3
DA:30,4
DA:32,4
DA:34,4
DA:35,1
DA:38,5
DA:39,2
DA:42,3
DA:44,3
DA:46,6
DA:48,3
DA:50,1
DA:52,1
LF:17
LH:17
BRDA:32,0,0,4
BRDA:32,0,1,3
BRDA:34,1,0,1
BRDA:34,1,1,3
BRDA:38,2,0,2
BRDA:38,2,1,1
BRF:6
BRH:6
end_of_record
